I, [2016-11-05T15:02:02.010458 #8143]  INFO -- Kitchen: -----> Starting Kitchen (v1.4.2)
I, [2016-11-05T15:02:02.712372 #8143]  INFO -- Kitchen: -----> Creating <docker-debian-raspberry>...
I, [2016-11-05T15:02:02.732371 #8143]  INFO -- Kitchen: Sending build context to Docker daemon 2.048 kB
I, [2016-11-05T15:02:02.863007 #8143]  INFO -- Kitchen: Step 1 : FROM arm_box-debian
I, [2016-11-05T15:02:02.863128 #8143]  INFO -- Kitchen: [91m# Executing 1 build trigger...
I, [2016-11-05T15:02:02.863179 #8143]  INFO -- Kitchen: [0mStep 1 : RUN sudo apt-get -qq update
I, [2016-11-05T15:02:03.025802 #8143]  INFO -- Kitchen:  ---> Running in ce29a93e73fe
I, [2016-11-05T15:02:34.974769 #8143]  INFO -- Kitchen:  ---> 02849b48107c
I, [2016-11-05T15:02:34.998426 #8143]  INFO -- Kitchen: Removing intermediate container ce29a93e73fe
I, [2016-11-05T15:02:34.998479 #8143]  INFO -- Kitchen: Step 2 : RUN apt-get update
I, [2016-11-05T15:02:35.155333 #8143]  INFO -- Kitchen:  ---> Running in 6c642a870b11
I, [2016-11-05T15:02:36.481383 #8143]  INFO -- Kitchen: [91mE[0m[91m: Could not open lock file /var/lib/apt/lists/lock - open (13: Permission denied)[0m[91m
I, [2016-11-05T15:02:36.481778 #8143]  INFO -- Kitchen: [91mE: Unable to lock directory /var/lib/apt/lists/
I, [2016-11-05T15:02:36.481811 #8143]  INFO -- Kitchen: E: Could not open lock file /var/lib/dpkg/lock - open (13: Permission denied)
I, [2016-11-05T15:02:36.481829 #8143]  INFO -- Kitchen: E: Unable to lock the administration directory (/var/lib/dpkg/), are you root?
I, [2016-11-05T15:02:36.924391 #8143]  INFO -- Kitchen: The command '/bin/sh -c apt-get update' returned a non-zero code: 100
E, [2016-11-05T15:02:36.945988 #8143] ERROR -- Kitchen: ------Exception-------
E, [2016-11-05T15:02:36.946045 #8143] ERROR -- Kitchen: Class: Kitchen::ActionFailed
E, [2016-11-05T15:02:36.946066 #8143] ERROR -- Kitchen: Message: Failed to complete #create action: [Expected process to exit with [0], but received '100'
---- Begin output of docker build - ----
STDOUT: Sending build context to Docker daemon 2.048 kB
Step 1 : FROM arm_box-debian
[91m# Executing 1 build trigger...
[0mStep 1 : RUN sudo apt-get -qq update
 ---> Running in ce29a93e73fe
 ---> 02849b48107c
Removing intermediate container ce29a93e73fe
Step 2 : RUN apt-get update
 ---> Running in 6c642a870b11
[91mE[0m[91m: Could not open lock file /var/lib/apt/lists/lock - open (13: Permission denied)[0m[91m
[0m[91mE: Unable to lock directory /var/lib/apt/lists/
E: Could not open lock file /var/lib/dpkg/lock - open (13: Permission denied)
E: Unable to lock the administration directory (/var/lib/dpkg/), are you root?
[0m
STDERR: The command '/bin/sh -c apt-get update' returned a non-zero code: 100
---- End output of docker build - ----
Ran docker build - returned 100]
E, [2016-11-05T15:02:36.946088 #8143] ERROR -- Kitchen: ---Nested Exception---
E, [2016-11-05T15:02:36.946110 #8143] ERROR -- Kitchen: Class: Kitchen::ShellOut::ShellCommandFailed
E, [2016-11-05T15:02:36.946126 #8143] ERROR -- Kitchen: Message: Expected process to exit with [0], but received '100'
---- Begin output of docker build - ----
STDOUT: Sending build context to Docker daemon 2.048 kB
Step 1 : FROM arm_box-debian
[91m# Executing 1 build trigger...
[0mStep 1 : RUN sudo apt-get -qq update
 ---> Running in ce29a93e73fe
 ---> 02849b48107c
Removing intermediate container ce29a93e73fe
Step 2 : RUN apt-get update
 ---> Running in 6c642a870b11
[91mE[0m[91m: Could not open lock file /var/lib/apt/lists/lock - open (13: Permission denied)[0m[91m
[0m[91mE: Unable to lock directory /var/lib/apt/lists/
E: Could not open lock file /var/lib/dpkg/lock - open (13: Permission denied)
E: Unable to lock the administration directory (/var/lib/dpkg/), are you root?
[0m
STDERR: The command '/bin/sh -c apt-get update' returned a non-zero code: 100
---- End output of docker build - ----
Ran docker build - returned 100
E, [2016-11-05T15:02:36.946142 #8143] ERROR -- Kitchen: ------Backtrace-------
E, [2016-11-05T15:02:36.946158 #8143] ERROR -- Kitchen: /Users/i319397/.chefdk/gem/ruby/2.1.0/gems/test-kitchen-1.4.2/lib/kitchen/shell_out.rb:73:in `rescue in run_command'
E, [2016-11-05T15:02:36.946262 #8143] ERROR -- Kitchen: /Users/i319397/.chefdk/gem/ruby/2.1.0/gems/test-kitchen-1.4.2/lib/kitchen/shell_out.rb:61:in `run_command'
E, [2016-11-05T15:02:36.946281 #8143] ERROR -- Kitchen: /Users/i319397/.chefdk/gem/ruby/2.1.0/gems/kitchen-docker_cli-0.18.0/lib/kitchen/transport/docker_cli.rb:86:in `run_docker'
E, [2016-11-05T15:02:36.946297 #8143] ERROR -- Kitchen: /Users/i319397/.chefdk/gem/ruby/2.1.0/gems/kitchen-docker_cli-0.18.0/lib/kitchen/driver/docker_cli.rb:87:in `block in build'
E, [2016-11-05T15:02:36.946312 #8143] ERROR -- Kitchen: /Users/i319397/.chefdk/gem/ruby/2.1.0/gems/test-kitchen-1.4.2/lib/kitchen/transport/base.rb:79:in `initialize'
E, [2016-11-05T15:02:36.946330 #8143] ERROR -- Kitchen: /Users/i319397/.chefdk/gem/ruby/2.1.0/gems/kitchen-docker_cli-0.18.0/lib/kitchen/transport/docker_cli.rb:39:in `new'
E, [2016-11-05T15:02:36.946346 #8143] ERROR -- Kitchen: /Users/i319397/.chefdk/gem/ruby/2.1.0/gems/kitchen-docker_cli-0.18.0/lib/kitchen/transport/docker_cli.rb:39:in `connection'
E, [2016-11-05T15:02:36.946360 #8143] ERROR -- Kitchen: /Users/i319397/.chefdk/gem/ruby/2.1.0/gems/kitchen-docker_cli-0.18.0/lib/kitchen/driver/docker_cli.rb:86:in `build'
E, [2016-11-05T15:02:36.946375 #8143] ERROR -- Kitchen: /Users/i319397/.chefdk/gem/ruby/2.1.0/gems/kitchen-docker_cli-0.18.0/lib/kitchen/driver/docker_cli.rb:63:in `create'
E, [2016-11-05T15:02:36.946390 #8143] ERROR -- Kitchen: /Users/i319397/.chefdk/gem/ruby/2.1.0/gems/test-kitchen-1.4.2/lib/kitchen/instance.rb:424:in `public_send'
E, [2016-11-05T15:02:36.946405 #8143] ERROR -- Kitchen: /Users/i319397/.chefdk/gem/ruby/2.1.0/gems/test-kitchen-1.4.2/lib/kitchen/instance.rb:424:in `block in perform_action'
E, [2016-11-05T15:02:36.946420 #8143] ERROR -- Kitchen: /Users/i319397/.chefdk/gem/ruby/2.1.0/gems/test-kitchen-1.4.2/lib/kitchen/instance.rb:488:in `call'
E, [2016-11-05T15:02:36.946434 #8143] ERROR -- Kitchen: /Users/i319397/.chefdk/gem/ruby/2.1.0/gems/test-kitchen-1.4.2/lib/kitchen/instance.rb:488:in `synchronize_or_call'
E, [2016-11-05T15:02:36.946462 #8143] ERROR -- Kitchen: /Users/i319397/.chefdk/gem/ruby/2.1.0/gems/test-kitchen-1.4.2/lib/kitchen/instance.rb:453:in `block in action'
E, [2016-11-05T15:02:36.946477 #8143] ERROR -- Kitchen: /opt/chefdk/embedded/lib/ruby/2.1.0/benchmark.rb:279:in `measure'
E, [2016-11-05T15:02:36.946490 #8143] ERROR -- Kitchen: /Users/i319397/.chefdk/gem/ruby/2.1.0/gems/test-kitchen-1.4.2/lib/kitchen/instance.rb:452:in `action'
E, [2016-11-05T15:02:36.946503 #8143] ERROR -- Kitchen: /Users/i319397/.chefdk/gem/ruby/2.1.0/gems/test-kitchen-1.4.2/lib/kitchen/instance.rb:424:in `perform_action'
E, [2016-11-05T15:02:36.946583 #8143] ERROR -- Kitchen: /Users/i319397/.chefdk/gem/ruby/2.1.0/gems/test-kitchen-1.4.2/lib/kitchen/instance.rb:352:in `create_action'
E, [2016-11-05T15:02:36.946599 #8143] ERROR -- Kitchen: /Users/i319397/.chefdk/gem/ruby/2.1.0/gems/test-kitchen-1.4.2/lib/kitchen/instance.rb:341:in `block in transition_to'
E, [2016-11-05T15:02:36.946613 #8143] ERROR -- Kitchen: /Users/i319397/.chefdk/gem/ruby/2.1.0/gems/test-kitchen-1.4.2/lib/kitchen/instance.rb:340:in `each'
E, [2016-11-05T15:02:36.946626 #8143] ERROR -- Kitchen: /Users/i319397/.chefdk/gem/ruby/2.1.0/gems/test-kitchen-1.4.2/lib/kitchen/instance.rb:340:in `transition_to'
E, [2016-11-05T15:02:36.946639 #8143] ERROR -- Kitchen: /Users/i319397/.chefdk/gem/ruby/2.1.0/gems/test-kitchen-1.4.2/lib/kitchen/instance.rb:160:in `verify'
E, [2016-11-05T15:02:36.946656 #8143] ERROR -- Kitchen: /Users/i319397/.chefdk/gem/ruby/2.1.0/gems/test-kitchen-1.4.2/lib/kitchen/command.rb:176:in `public_send'
E, [2016-11-05T15:02:36.946669 #8143] ERROR -- Kitchen: /Users/i319397/.chefdk/gem/ruby/2.1.0/gems/test-kitchen-1.4.2/lib/kitchen/command.rb:176:in `block (2 levels) in run_action'
E, [2016-11-05T15:02:36.946683 #8143] ERROR -- Kitchen: ----------------------
